<?xml version="1.0" encoding="UTF-8"?>
<!-- Generated by org.testng.reporters.JUnitReportReporter -->
<testsuite hostname="TYC1221031" failures="0" tests="1" name="DEmoTest.Project3Test" time="7.739" errors="0" timestamp="2024-03-22T12:48:13 IST" skipped="0">
  <testcase classname="DEmoTest.Project3Test" name="m3" time="7.739"/>
  <system-out/>
</testsuite> <!-- DEmoTest.Project3Test -->
