<?xml version="1.0" encoding="UTF-8"?>
<!-- Generated by org.testng.reporters.JUnitReportReporter -->
<testsuite hostname="TYC1221031" failures="0" tests="1" name="DEmoTest.Pjct2Test" time="9.789" errors="0" timestamp="2024-04-15T13:11:17 IST" skipped="0">
  <testcase classname="DEmoTest.Pjct2Test" name="m2Test" time="9.789"/>
  <system-out/>
</testsuite> <!-- DEmoTest.Pjct2Test -->
